<?xml version="1.0" encoding="UTF-8"?>
<testsuite xmlns:xsi="http://www.w3.org/2001/XMLSchema-instance" xsi:noNamespaceSchemaLocation="https://maven.apache.org/surefire/maven-surefire-plugin/xsd/surefire-test-report.xsd" name="TestSuite" time="4.211" tests="4" errors="0" skipped="0" failures="1">
  <properties>
[...]
</properties>
  <testcase name="testCreatePet" classname="AddNewPetTest" time="2.113"/>
  <testcase name="testUpdatePet" classname="UpdatePetTest" time="2.115"/>
  <testcase name="testDeletePet" classname="DeletePetTest" time="2.117">
    <failure message="1 expectation failed.&#10;Expected status code &lt;200&gt; but was &lt;404&gt;.&#10;" type="java.lang.AssertionError"><![CDATA[java.lang.AssertionError: 
1 expectation failed.
Expected status code <200> but was <404>.

	at DeletePetTest.testDeletePet(DeletePetTest.java:18)
]]></failure>
  </testcase>
  <testcase name="testRetrievePet" classname="GetPetsByAvailableStatusTest" time="3.824"/>
</testsuite>